2021-09-18 08:55:29,292 INFO notifyConnectTimeout:200

2021-09-18 08:55:29,306 INFO notifySocketTimeout:8000

2021-09-18 08:55:29,306 INFO isHealthCheck:true

2021-09-18 08:55:29,306 INFO maxHealthCheckFailCount:12

2021-09-18 08:55:29,306 INFO maxContent:10485760

2021-09-18 08:55:42,968 INFO use local db service for init

2021-09-18 08:55:44,698 WARN Lexical error at line 4, column 66.  Encountered: <EOF> after : "".

2021-09-18 08:55:44,752 WARN Syntax error: Encountered "*" at line 1, column 1.

2021-09-18 08:55:44,879 WARN Table/View 'CONFIG_INFO' already exists in Schema 'NACOS'.

2021-09-18 08:55:45,058 WARN Table/View 'HIS_CONFIG_INFO' already exists in Schema 'NACOS'.

2021-09-18 08:55:45,122 WARN Table/View 'CONFIG_INFO_BETA' already exists in Schema 'NACOS'.

2021-09-18 08:55:45,141 WARN Table/View 'CONFIG_INFO_TAG' already exists in Schema 'NACOS'.

2021-09-18 08:55:45,151 WARN Table/View 'CONFIG_INFO_AGGR' already exists in Schema 'NACOS'.

2021-09-18 08:55:45,173 WARN Table/View 'APP_LIST' already exists in Schema 'NACOS'.

2021-09-18 08:55:45,187 WARN Table/View 'APP_CONFIGDATA_RELATION_SUBS' already exists in Schema 'NACOS'.

2021-09-18 08:55:45,193 WARN Table/View 'APP_CONFIGDATA_RELATION_PUBS' already exists in Schema 'NACOS'.

2021-09-18 08:55:45,204 WARN Table/View 'CONFIG_TAGS_RELATION' already exists in Schema 'NACOS'.

2021-09-18 08:55:45,240 WARN Table/View 'GROUP_CAPACITY' already exists in Schema 'NACOS'.

2021-09-18 08:55:45,257 WARN Table/View 'TENANT_CAPACITY' already exists in Schema 'NACOS'.

2021-09-18 08:55:45,271 WARN Table/View 'TENANT_INFO' already exists in Schema 'NACOS'.

2021-09-18 08:55:45,295 WARN Table/View 'USERS' already exists in Schema 'NACOS'.

2021-09-18 08:55:45,309 WARN Table/View 'ROLES' already exists in Schema 'NACOS'.

2021-09-18 08:55:45,316 WARN Table/View 'PERMISSIONS' already exists in Schema 'NACOS'.

2021-09-18 08:55:45,511 WARN The statement was aborted because it would have caused a duplicate key value in a unique or primary key constraint or unique index identified by 'SQL210917154911400' defined on 'USERS'.

2021-09-18 08:55:45,524 WARN The statement was aborted because it would have caused a duplicate key value in a unique or primary key constraint or unique index identified by 'UK_USERNAME_ROLE' defined on 'ROLES'.

2021-09-18 08:55:45,527 WARN Lexical error at line 4, column 13.  Encountered: "`" (96), after : "".

2021-09-18 08:55:45,528 WARN Lexical error at line 1, column 13.  Encountered: "`" (96), after : "".

2021-09-18 08:55:45,528 WARN Lexical error at line 1, column 13.  Encountered: "`" (96), after : "".

2021-09-18 08:55:45,529 WARN Lexical error at line 1, column 13.  Encountered: "`" (96), after : "".

2021-09-18 08:55:45,529 INFO use StandaloneDatabaseOperateImpl

2021-09-18 08:55:49,710 WARN DumpService start

2021-09-18 08:55:49,711 INFO start clear all config-info.

2021-09-18 08:55:49,713 WARN clear all config-info failed.

2021-09-18 08:55:49,713 WARN clear all config-info-tenant failed.

2021-09-18 08:55:50,060 INFO [all-dump] 412901026697437184 / 412901026697437184

2021-09-18 08:55:50,060 INFO start clear all config-info-beta.

2021-09-18 08:55:50,060 WARN clear all config-info-beta failed.

2021-09-18 08:55:50,060 WARN clear all config-info-beta-tenant failed.

2021-09-18 08:55:50,105 INFO start clear all config-info-tag.

2021-09-18 08:55:50,106 WARN clear all config-info-tag failed.

2021-09-18 08:55:50,106 WARN clear all config-info-tag-tenant failed.

2021-09-18 08:58:42,882 INFO notifyConnectTimeout:200

2021-09-18 08:58:42,891 INFO notifySocketTimeout:8000

2021-09-18 08:58:42,892 INFO isHealthCheck:true

2021-09-18 08:58:42,892 INFO maxHealthCheckFailCount:12

2021-09-18 08:58:42,892 INFO maxContent:10485760

2021-09-18 08:58:54,582 INFO use local db service for init

2021-09-18 08:58:56,181 WARN Lexical error at line 4, column 66.  Encountered: <EOF> after : "".

2021-09-18 08:58:56,230 WARN Syntax error: Encountered "*" at line 1, column 1.

2021-09-18 08:58:56,339 WARN Table/View 'CONFIG_INFO' already exists in Schema 'NACOS'.

2021-09-18 08:58:56,480 WARN Table/View 'HIS_CONFIG_INFO' already exists in Schema 'NACOS'.

2021-09-18 08:58:56,527 WARN Table/View 'CONFIG_INFO_BETA' already exists in Schema 'NACOS'.

2021-09-18 08:58:56,546 WARN Table/View 'CONFIG_INFO_TAG' already exists in Schema 'NACOS'.

2021-09-18 08:58:56,556 WARN Table/View 'CONFIG_INFO_AGGR' already exists in Schema 'NACOS'.

2021-09-18 08:58:56,572 WARN Table/View 'APP_LIST' already exists in Schema 'NACOS'.

2021-09-18 08:58:56,584 WARN Table/View 'APP_CONFIGDATA_RELATION_SUBS' already exists in Schema 'NACOS'.

2021-09-18 08:58:56,593 WARN Table/View 'APP_CONFIGDATA_RELATION_PUBS' already exists in Schema 'NACOS'.

2021-09-18 08:58:56,602 WARN Table/View 'CONFIG_TAGS_RELATION' already exists in Schema 'NACOS'.

2021-09-18 08:58:56,626 WARN Table/View 'GROUP_CAPACITY' already exists in Schema 'NACOS'.

2021-09-18 08:58:56,639 WARN Table/View 'TENANT_CAPACITY' already exists in Schema 'NACOS'.

2021-09-18 08:58:56,650 WARN Table/View 'TENANT_INFO' already exists in Schema 'NACOS'.

2021-09-18 08:58:56,669 WARN Table/View 'USERS' already exists in Schema 'NACOS'.

2021-09-18 08:58:56,677 WARN Table/View 'ROLES' already exists in Schema 'NACOS'.

2021-09-18 08:58:56,686 WARN Table/View 'PERMISSIONS' already exists in Schema 'NACOS'.

2021-09-18 08:58:56,874 WARN The statement was aborted because it would have caused a duplicate key value in a unique or primary key constraint or unique index identified by 'SQL210917154911400' defined on 'USERS'.

2021-09-18 08:58:56,888 WARN The statement was aborted because it would have caused a duplicate key value in a unique or primary key constraint or unique index identified by 'UK_USERNAME_ROLE' defined on 'ROLES'.

2021-09-18 08:58:56,892 WARN Lexical error at line 4, column 13.  Encountered: "`" (96), after : "".

2021-09-18 08:58:56,894 WARN Lexical error at line 1, column 13.  Encountered: "`" (96), after : "".

2021-09-18 08:58:56,894 WARN Lexical error at line 1, column 13.  Encountered: "`" (96), after : "".

2021-09-18 08:58:56,895 WARN Lexical error at line 1, column 13.  Encountered: "`" (96), after : "".

2021-09-18 08:58:56,895 INFO use StandaloneDatabaseOperateImpl

2021-09-18 08:58:59,776 WARN DumpService start

2021-09-18 08:58:59,777 INFO start clear all config-info.

2021-09-18 08:58:59,777 WARN clear all config-info failed.

2021-09-18 08:58:59,777 WARN clear all config-info-tenant failed.

2021-09-18 08:59:00,018 INFO [all-dump] 412901026697437184 / 412901026697437184

2021-09-18 08:59:00,018 INFO start clear all config-info-beta.

2021-09-18 08:59:00,018 WARN clear all config-info-beta failed.

2021-09-18 08:59:00,018 WARN clear all config-info-beta-tenant failed.

2021-09-18 08:59:00,054 INFO start clear all config-info-tag.

2021-09-18 08:59:00,054 WARN clear all config-info-tag failed.

2021-09-18 08:59:00,054 WARN clear all config-info-tag-tenant failed.

2021-09-18 09:04:11,116 INFO notifyConnectTimeout:200

2021-09-18 09:04:11,126 INFO notifySocketTimeout:8000

2021-09-18 09:04:11,128 INFO isHealthCheck:true

2021-09-18 09:04:11,129 INFO maxHealthCheckFailCount:12

2021-09-18 09:04:11,129 INFO maxContent:10485760

2021-09-18 09:04:22,975 INFO use local db service for init

2021-09-18 09:04:24,987 WARN Lexical error at line 4, column 66.  Encountered: <EOF> after : "".

2021-09-18 09:04:25,035 WARN Syntax error: Encountered "*" at line 1, column 1.

2021-09-18 09:04:25,797 WARN Lexical error at line 4, column 13.  Encountered: "`" (96), after : "".

2021-09-18 09:04:25,801 WARN Lexical error at line 1, column 13.  Encountered: "`" (96), after : "".

2021-09-18 09:04:25,805 WARN Lexical error at line 1, column 13.  Encountered: "`" (96), after : "".

2021-09-18 09:04:25,806 WARN Lexical error at line 1, column 13.  Encountered: "`" (96), after : "".

2021-09-18 09:04:25,806 INFO use StandaloneDatabaseOperateImpl

2021-09-18 09:04:29,971 WARN DumpService start

2021-09-18 09:04:29,972 INFO start clear all config-info.

2021-09-18 09:04:29,973 WARN clear all config-info failed.

2021-09-18 09:04:29,973 WARN clear all config-info-tenant failed.

2021-09-18 09:04:30,143 INFO start clear all config-info-beta.

2021-09-18 09:04:30,143 WARN clear all config-info-beta failed.

2021-09-18 09:04:30,143 WARN clear all config-info-beta-tenant failed.

2021-09-18 09:04:30,171 INFO start clear all config-info-tag.

2021-09-18 09:04:30,172 WARN clear all config-info-tag failed.

2021-09-18 09:04:30,172 WARN clear all config-info-tag-tenant failed.

2021-09-18 09:31:06,055 INFO notifyConnectTimeout:200

2021-09-18 09:31:06,066 INFO notifySocketTimeout:8000

2021-09-18 09:31:06,067 INFO isHealthCheck:true

2021-09-18 09:31:06,067 INFO maxHealthCheckFailCount:12

2021-09-18 09:31:06,067 INFO maxContent:10485760

2021-09-18 09:31:17,513 INFO use local db service for init

2021-09-18 09:31:19,382 WARN Lexical error at line 4, column 66.  Encountered: <EOF> after : "".

2021-09-18 09:31:19,428 WARN Syntax error: Encountered "*" at line 1, column 1.

2021-09-18 09:31:19,545 WARN Table/View 'CONFIG_INFO' already exists in Schema 'NACOS'.

2021-09-18 09:31:19,706 WARN Table/View 'HIS_CONFIG_INFO' already exists in Schema 'NACOS'.

2021-09-18 09:31:19,758 WARN Table/View 'CONFIG_INFO_BETA' already exists in Schema 'NACOS'.

2021-09-18 09:31:19,773 WARN Table/View 'CONFIG_INFO_TAG' already exists in Schema 'NACOS'.

2021-09-18 09:31:19,786 WARN Table/View 'CONFIG_INFO_AGGR' already exists in Schema 'NACOS'.

2021-09-18 09:31:19,808 WARN Table/View 'APP_LIST' already exists in Schema 'NACOS'.

2021-09-18 09:31:19,819 WARN Table/View 'APP_CONFIGDATA_RELATION_SUBS' already exists in Schema 'NACOS'.

2021-09-18 09:31:19,828 WARN Table/View 'APP_CONFIGDATA_RELATION_PUBS' already exists in Schema 'NACOS'.

2021-09-18 09:31:19,843 WARN Table/View 'CONFIG_TAGS_RELATION' already exists in Schema 'NACOS'.

2021-09-18 09:31:19,872 WARN Table/View 'GROUP_CAPACITY' already exists in Schema 'NACOS'.

2021-09-18 09:31:19,887 WARN Table/View 'TENANT_CAPACITY' already exists in Schema 'NACOS'.

2021-09-18 09:31:19,896 WARN Table/View 'TENANT_INFO' already exists in Schema 'NACOS'.

2021-09-18 09:31:19,918 WARN Table/View 'USERS' already exists in Schema 'NACOS'.

2021-09-18 09:31:19,928 WARN Table/View 'ROLES' already exists in Schema 'NACOS'.

2021-09-18 09:31:19,939 WARN Table/View 'PERMISSIONS' already exists in Schema 'NACOS'.

2021-09-18 09:31:20,106 WARN The statement was aborted because it would have caused a duplicate key value in a unique or primary key constraint or unique index identified by 'SQL210918090425560' defined on 'USERS'.

2021-09-18 09:31:20,126 WARN The statement was aborted because it would have caused a duplicate key value in a unique or primary key constraint or unique index identified by 'UK_USERNAME_ROLE' defined on 'ROLES'.

2021-09-18 09:31:20,131 WARN Lexical error at line 4, column 13.  Encountered: "`" (96), after : "".

2021-09-18 09:31:20,133 WARN Lexical error at line 1, column 13.  Encountered: "`" (96), after : "".

2021-09-18 09:31:20,133 WARN Lexical error at line 1, column 13.  Encountered: "`" (96), after : "".

2021-09-18 09:31:20,134 WARN Lexical error at line 1, column 13.  Encountered: "`" (96), after : "".

2021-09-18 09:31:20,134 INFO use StandaloneDatabaseOperateImpl

2021-09-18 09:31:23,166 WARN DumpService start

2021-09-18 09:31:23,167 INFO start clear all config-info.

2021-09-18 09:31:23,168 WARN clear all config-info failed.

2021-09-18 09:31:23,168 WARN clear all config-info-tenant failed.

2021-09-18 09:31:23,408 INFO [all-dump] 413131260591988736 / 413131260591988736

2021-09-18 09:31:23,408 INFO start clear all config-info-beta.

2021-09-18 09:31:23,408 WARN clear all config-info-beta failed.

2021-09-18 09:31:23,408 WARN clear all config-info-beta-tenant failed.

2021-09-18 09:31:23,436 INFO start clear all config-info-tag.

2021-09-18 09:31:23,436 WARN clear all config-info-tag failed.

2021-09-18 09:31:23,436 WARN clear all config-info-tag-tenant failed.

2021-09-18 13:54:51,362 INFO notifyConnectTimeout:200

2021-09-18 13:54:51,371 INFO notifySocketTimeout:8000

2021-09-18 13:54:51,372 INFO isHealthCheck:true

2021-09-18 13:54:51,372 INFO maxHealthCheckFailCount:12

2021-09-18 13:54:51,372 INFO maxContent:10485760

2021-09-18 13:55:03,070 INFO use local db service for init

2021-09-18 13:55:04,660 WARN Lexical error at line 4, column 66.  Encountered: <EOF> after : "".

2021-09-18 13:55:04,708 WARN Syntax error: Encountered "*" at line 1, column 1.

2021-09-18 13:55:04,816 WARN Table/View 'CONFIG_INFO' already exists in Schema 'NACOS'.

2021-09-18 13:55:04,960 WARN Table/View 'HIS_CONFIG_INFO' already exists in Schema 'NACOS'.

2021-09-18 13:55:05,002 WARN Table/View 'CONFIG_INFO_BETA' already exists in Schema 'NACOS'.

2021-09-18 13:55:05,013 WARN Table/View 'CONFIG_INFO_TAG' already exists in Schema 'NACOS'.

2021-09-18 13:55:05,025 WARN Table/View 'CONFIG_INFO_AGGR' already exists in Schema 'NACOS'.

2021-09-18 13:55:05,044 WARN Table/View 'APP_LIST' already exists in Schema 'NACOS'.

2021-09-18 13:55:05,051 WARN Table/View 'APP_CONFIGDATA_RELATION_SUBS' already exists in Schema 'NACOS'.

2021-09-18 13:55:05,058 WARN Table/View 'APP_CONFIGDATA_RELATION_PUBS' already exists in Schema 'NACOS'.

2021-09-18 13:55:05,066 WARN Table/View 'CONFIG_TAGS_RELATION' already exists in Schema 'NACOS'.

2021-09-18 13:55:05,097 WARN Table/View 'GROUP_CAPACITY' already exists in Schema 'NACOS'.

2021-09-18 13:55:05,111 WARN Table/View 'TENANT_CAPACITY' already exists in Schema 'NACOS'.

2021-09-18 13:55:05,120 WARN Table/View 'TENANT_INFO' already exists in Schema 'NACOS'.

2021-09-18 13:55:05,140 WARN Table/View 'USERS' already exists in Schema 'NACOS'.

2021-09-18 13:55:05,154 WARN Table/View 'ROLES' already exists in Schema 'NACOS'.

2021-09-18 13:55:05,169 WARN Table/View 'PERMISSIONS' already exists in Schema 'NACOS'.

2021-09-18 13:55:05,352 WARN The statement was aborted because it would have caused a duplicate key value in a unique or primary key constraint or unique index identified by 'SQL210918090425560' defined on 'USERS'.

2021-09-18 13:55:05,367 WARN The statement was aborted because it would have caused a duplicate key value in a unique or primary key constraint or unique index identified by 'UK_USERNAME_ROLE' defined on 'ROLES'.

2021-09-18 13:55:05,372 WARN Lexical error at line 4, column 13.  Encountered: "`" (96), after : "".

2021-09-18 13:55:05,374 WARN Lexical error at line 1, column 13.  Encountered: "`" (96), after : "".

2021-09-18 13:55:05,374 WARN Lexical error at line 1, column 13.  Encountered: "`" (96), after : "".

2021-09-18 13:55:05,375 WARN Lexical error at line 1, column 13.  Encountered: "`" (96), after : "".

2021-09-18 13:55:05,375 INFO use StandaloneDatabaseOperateImpl

2021-09-18 13:55:08,316 WARN DumpService start

2021-09-18 13:55:08,317 INFO start clear all config-info.

2021-09-18 13:55:08,317 WARN clear all config-info failed.

2021-09-18 13:55:08,317 WARN clear all config-info-tenant failed.

2021-09-18 13:55:08,537 INFO [all-dump] 413131260591988736 / 413131260591988736

2021-09-18 13:55:08,537 INFO start clear all config-info-beta.

2021-09-18 13:55:08,537 WARN clear all config-info-beta failed.

2021-09-18 13:55:08,538 WARN clear all config-info-beta-tenant failed.

2021-09-18 13:55:08,566 INFO start clear all config-info-tag.

2021-09-18 13:55:08,566 WARN clear all config-info-tag failed.

2021-09-18 13:55:08,566 WARN clear all config-info-tag-tenant failed.

2021-09-18 15:48:39,141 INFO notifyConnectTimeout:200

2021-09-18 15:48:39,154 INFO notifySocketTimeout:8000

2021-09-18 15:48:39,159 INFO isHealthCheck:true

2021-09-18 15:48:39,159 INFO maxHealthCheckFailCount:12

2021-09-18 15:48:39,160 INFO maxContent:10485760

2021-09-18 15:48:39,162 INFO spring.datasource.platform:mysql

2021-09-18 15:49:00,027 WARN DumpService start

2021-09-18 15:49:00,029 INFO start clear all config-info.

2021-09-18 15:49:00,029 WARN clear all config-info failed.

2021-09-18 15:49:00,029 WARN clear all config-info-tenant failed.

2021-09-18 15:49:00,331 INFO start clear all config-info-beta.

2021-09-18 15:49:00,332 WARN clear all config-info-beta failed.

2021-09-18 15:49:00,332 WARN clear all config-info-beta-tenant failed.

2021-09-18 15:49:00,453 INFO start clear all config-info-tag.

2021-09-18 15:49:00,454 WARN clear all config-info-tag failed.

2021-09-18 15:49:00,454 WARN clear all config-info-tag-tenant failed.

