2021-09-18 08:55:29,331 INFO Starting Nacos v1.4.1 on jinghaideMacBook-Pro.local with PID 954 (/Users/jinghailiang/IdeaProjects/cloud2020/nacos/target/nacos-server.jar started by jinghailiang in /Users/jinghailiang/IdeaProjects/cloud2020/nacos/bin)

2021-09-18 08:55:29,331 INFO The following profiles are active: standalone

2021-09-18 08:55:39,342 INFO Bean 'org.springframework.security.access.expression.method.DefaultMethodSecurityExpressionHandler@44ea608c' of type [org.springframework.security.access.expression.method.DefaultMethodSecurityExpressionHandler] is not eligible for getting processed by all BeanPostProcessors (for example: not eligible for auto-proxying)

2021-09-18 08:55:39,375 INFO Bean 'methodSecurityMetadataSource' of type [org.springframework.security.access.method.DelegatingMethodSecurityMetadataSource] is not eligible for getting processed by all BeanPostProcessors (for example: not eligible for auto-proxying)

2021-09-18 08:55:40,802 INFO Tomcat initialized with port(s): 8848 (http)

2021-09-18 08:55:40,971 INFO Starting service [Tomcat]

2021-09-18 08:55:40,971 INFO Starting Servlet engine: [Apache Tomcat/9.0.38]

2021-09-18 08:55:41,914 INFO At least one JAR was scanned for TLDs yet contained no TLDs. Enable debug logging for this logger for a complete list of JARs that were scanned but no TLDs were found in them. Skipping unneeded JARs during scanning can improve startup time and JSP compilation time.

2021-09-18 08:55:41,993 INFO Initializing Spring embedded WebApplicationContext

2021-09-18 08:55:41,994 INFO Root WebApplicationContext: initialization completed in 12441 ms

2021-09-18 08:55:43,515 INFO HikariPool-1 - Starting...

2021-09-18 08:55:43,541 WARN Registered driver with driverClassName=org.apache.derby.jdbc.EmbeddedDriver was not found, trying direct instantiation.

2021-09-18 08:55:44,364 INFO HikariPool-1 - Driver does not support get/set network timeout for connections. (Feature not implemented: No details.)

2021-09-18 08:55:44,373 INFO HikariPool-1 - Start completed.

2021-09-18 08:55:47,035 INFO Nacos-related cluster resource initialization

2021-09-18 08:55:47,138 INFO The cluster resource is initialized

2021-09-18 08:55:48,585 INFO Reflections took 118 ms to scan 1 urls, producing 4 keys and 6 values 

2021-09-18 08:55:48,681 INFO Reflections took 27 ms to scan 1 urls, producing 6 keys and 26 values 

2021-09-18 08:55:48,732 INFO Reflections took 13 ms to scan 1 urls, producing 3 keys and 15 values 

2021-09-18 08:55:48,762 INFO Reflections took 10 ms to scan 1 urls, producing 2 keys and 12 values 

2021-09-18 08:55:51,513 INFO Initializing ExecutorService 'applicationTaskExecutor'

2021-09-18 08:55:52,031 INFO Adding welcome page: class path resource [static/index.html]

2021-09-18 08:55:53,648 INFO Creating filter chain: Ant [pattern='/**'], []

2021-09-18 08:55:53,843 INFO Creating filter chain: any request, [org.springframework.security.web.context.request.async.WebAsyncManagerIntegrationFilter@6f5bd362, org.springframework.security.web.context.SecurityContextPersistenceFilter@67d32a54, org.springframework.security.web.header.HeaderWriterFilter@1d0cac30, org.springframework.security.web.csrf.CsrfFilter@1c33e528, org.springframework.security.web.authentication.logout.LogoutFilter@62765aec, org.springframework.security.web.savedrequest.RequestCacheAwareFilter@2753316c, org.springframework.security.web.servletapi.SecurityContextHolderAwareRequestFilter@79d3473e, org.springframework.security.web.authentication.AnonymousAuthenticationFilter@3a401749, org.springframework.security.web.session.SessionManagementFilter@35c4697c, org.springframework.security.web.access.ExceptionTranslationFilter@460b50df]

2021-09-18 08:55:54,267 INFO Initializing ExecutorService 'taskScheduler'

2021-09-18 08:55:54,330 INFO Exposing 2 endpoint(s) beneath base path '/actuator'

2021-09-18 08:55:54,862 INFO Tomcat started on port(s): 8848 (http) with context path '/nacos'

2021-09-18 08:55:54,886 INFO Started Nacos in 33.423 seconds (JVM running for 34.748)

2021-09-18 08:55:54,894 INFO Nacos started successfully in stand alone mode. use embedded storage

2021-09-18 08:56:10,632 INFO Initializing Spring DispatcherServlet 'dispatcherServlet'

2021-09-18 08:56:10,639 INFO Initializing Servlet 'dispatcherServlet'

2021-09-18 08:56:10,679 INFO Completed initialization in 38 ms

2021-09-18 08:58:42,912 INFO Starting Nacos v1.4.1 on jinghaideMacBook-Pro.local with PID 1065 (/Users/jinghailiang/IdeaProjects/cloud2020/nacos/target/nacos-server.jar started by jinghailiang in /Users/jinghailiang/IdeaProjects/cloud2020/nacos/bin)

2021-09-18 08:58:42,912 INFO The following profiles are active: standalone

2021-09-18 08:58:51,402 INFO Bean 'org.springframework.security.access.expression.method.DefaultMethodSecurityExpressionHandler@9257031' of type [org.springframework.security.access.expression.method.DefaultMethodSecurityExpressionHandler] is not eligible for getting processed by all BeanPostProcessors (for example: not eligible for auto-proxying)

2021-09-18 08:58:51,433 INFO Bean 'methodSecurityMetadataSource' of type [org.springframework.security.access.method.DelegatingMethodSecurityMetadataSource] is not eligible for getting processed by all BeanPostProcessors (for example: not eligible for auto-proxying)

2021-09-18 08:58:52,672 INFO Tomcat initialized with port(s): 8848 (http)

2021-09-18 08:58:52,827 INFO Starting service [Tomcat]

2021-09-18 08:58:52,827 INFO Starting Servlet engine: [Apache Tomcat/9.0.38]

2021-09-18 08:58:53,687 INFO At least one JAR was scanned for TLDs yet contained no TLDs. Enable debug logging for this logger for a complete list of JARs that were scanned but no TLDs were found in them. Skipping unneeded JARs during scanning can improve startup time and JSP compilation time.

2021-09-18 08:58:53,762 INFO Initializing Spring embedded WebApplicationContext

2021-09-18 08:58:53,762 INFO Root WebApplicationContext: initialization completed in 10660 ms

2021-09-18 08:58:55,078 INFO HikariPool-1 - Starting...

2021-09-18 08:58:55,103 WARN Registered driver with driverClassName=org.apache.derby.jdbc.EmbeddedDriver was not found, trying direct instantiation.

2021-09-18 08:58:55,887 INFO HikariPool-1 - Driver does not support get/set network timeout for connections. (Feature not implemented: No details.)

2021-09-18 08:58:55,899 INFO HikariPool-1 - Start completed.

2021-09-18 08:58:57,904 INFO Nacos-related cluster resource initialization

2021-09-18 08:58:57,952 INFO The cluster resource is initialized

2021-09-18 08:58:58,984 INFO Reflections took 87 ms to scan 1 urls, producing 4 keys and 6 values 

2021-09-18 08:58:59,060 INFO Reflections took 21 ms to scan 1 urls, producing 6 keys and 26 values 

2021-09-18 08:58:59,097 INFO Reflections took 8 ms to scan 1 urls, producing 3 keys and 15 values 

2021-09-18 08:58:59,114 INFO Reflections took 3 ms to scan 1 urls, producing 2 keys and 12 values 

2021-09-18 08:59:01,153 INFO Initializing ExecutorService 'applicationTaskExecutor'

2021-09-18 08:59:01,452 INFO Adding welcome page: class path resource [static/index.html]

2021-09-18 08:59:02,819 INFO Creating filter chain: Ant [pattern='/**'], []

2021-09-18 08:59:02,953 INFO Creating filter chain: any request, [org.springframework.security.web.context.request.async.WebAsyncManagerIntegrationFilter@718f805a, org.springframework.security.web.context.SecurityContextPersistenceFilter@6fcd31c3, org.springframework.security.web.header.HeaderWriterFilter@3b98b809, org.springframework.security.web.csrf.CsrfFilter@6963b88c, org.springframework.security.web.authentication.logout.LogoutFilter@34be065a, org.springframework.security.web.savedrequest.RequestCacheAwareFilter@5503de1, org.springframework.security.web.servletapi.SecurityContextHolderAwareRequestFilter@2f80cb79, org.springframework.security.web.authentication.AnonymousAuthenticationFilter@e09f1b6, org.springframework.security.web.session.SessionManagementFilter@24c8d8be, org.springframework.security.web.access.ExceptionTranslationFilter@649f25f3]

2021-09-18 08:59:03,269 INFO Initializing ExecutorService 'taskScheduler'

2021-09-18 08:59:03,306 INFO Exposing 2 endpoint(s) beneath base path '/actuator'

2021-09-18 08:59:03,639 INFO Tomcat started on port(s): 8848 (http) with context path '/nacos'

2021-09-18 08:59:03,649 INFO Started Nacos in 28.36 seconds (JVM running for 29.57)

2021-09-18 08:59:03,650 INFO Nacos started successfully in stand alone mode. use embedded storage

2021-09-18 08:59:57,149 INFO Initializing Spring DispatcherServlet 'dispatcherServlet'

2021-09-18 08:59:57,151 INFO Initializing Servlet 'dispatcherServlet'

2021-09-18 08:59:57,190 INFO Completed initialization in 38 ms

2021-09-18 09:04:11,150 INFO Starting Nacos v1.4.1 on jinghaideMacBook-Pro.local with PID 1369 (/Users/jinghailiang/IdeaProjects/cloud2020/nacos/target/nacos-server.jar started by jinghailiang in /Users/jinghailiang/IdeaProjects/cloud2020/nacos/bin)

2021-09-18 09:04:11,151 INFO The following profiles are active: standalone

2021-09-18 09:04:19,736 INFO Bean 'org.springframework.security.access.expression.method.DefaultMethodSecurityExpressionHandler@51671b08' of type [org.springframework.security.access.expression.method.DefaultMethodSecurityExpressionHandler] is not eligible for getting processed by all BeanPostProcessors (for example: not eligible for auto-proxying)

2021-09-18 09:04:19,765 INFO Bean 'methodSecurityMetadataSource' of type [org.springframework.security.access.method.DelegatingMethodSecurityMetadataSource] is not eligible for getting processed by all BeanPostProcessors (for example: not eligible for auto-proxying)

2021-09-18 09:04:21,057 INFO Tomcat initialized with port(s): 8848 (http)

2021-09-18 09:04:21,211 INFO Starting service [Tomcat]

2021-09-18 09:04:21,212 INFO Starting Servlet engine: [Apache Tomcat/9.0.38]

2021-09-18 09:04:22,024 INFO At least one JAR was scanned for TLDs yet contained no TLDs. Enable debug logging for this logger for a complete list of JARs that were scanned but no TLDs were found in them. Skipping unneeded JARs during scanning can improve startup time and JSP compilation time.

2021-09-18 09:04:22,093 INFO Initializing Spring embedded WebApplicationContext

2021-09-18 09:04:22,093 INFO Root WebApplicationContext: initialization completed in 10749 ms

2021-09-18 09:04:23,489 INFO HikariPool-1 - Starting...

2021-09-18 09:04:23,514 WARN Registered driver with driverClassName=org.apache.derby.jdbc.EmbeddedDriver was not found, trying direct instantiation.

2021-09-18 09:04:24,682 INFO HikariPool-1 - Driver does not support get/set network timeout for connections. (Feature not implemented: No details.)

2021-09-18 09:04:24,690 INFO HikariPool-1 - Start completed.

2021-09-18 09:04:27,560 INFO Nacos-related cluster resource initialization

2021-09-18 09:04:27,639 INFO The cluster resource is initialized

2021-09-18 09:04:29,120 INFO Reflections took 107 ms to scan 1 urls, producing 4 keys and 6 values 

2021-09-18 09:04:29,202 INFO Reflections took 18 ms to scan 1 urls, producing 6 keys and 26 values 

2021-09-18 09:04:29,258 INFO Reflections took 17 ms to scan 1 urls, producing 3 keys and 15 values 

2021-09-18 09:04:29,297 INFO Reflections took 12 ms to scan 1 urls, producing 2 keys and 12 values 

2021-09-18 09:04:31,374 INFO Initializing ExecutorService 'applicationTaskExecutor'

2021-09-18 09:04:31,908 INFO Adding welcome page: class path resource [static/index.html]

2021-09-18 09:04:33,289 INFO Creating filter chain: Ant [pattern='/**'], []

2021-09-18 09:04:33,470 INFO Creating filter chain: any request, [org.springframework.security.web.context.request.async.WebAsyncManagerIntegrationFilter@e91b4f4, org.springframework.security.web.context.SecurityContextPersistenceFilter@3b7c80c6, org.springframework.security.web.header.HeaderWriterFilter@a7cf42f, org.springframework.security.web.csrf.CsrfFilter@49f3ff41, org.springframework.security.web.authentication.logout.LogoutFilter@5a484ce1, org.springframework.security.web.savedrequest.RequestCacheAwareFilter@7499eac7, org.springframework.security.web.servletapi.SecurityContextHolderAwareRequestFilter@79eeff87, org.springframework.security.web.authentication.AnonymousAuthenticationFilter@2ffe243f, org.springframework.security.web.session.SessionManagementFilter@54336976, org.springframework.security.web.access.ExceptionTranslationFilter@4f2d014a]

2021-09-18 09:04:33,891 INFO Initializing ExecutorService 'taskScheduler'

2021-09-18 09:04:34,064 INFO Exposing 2 endpoint(s) beneath base path '/actuator'

2021-09-18 09:04:34,586 INFO Tomcat started on port(s): 8848 (http) with context path '/nacos'

2021-09-18 09:04:34,601 INFO Started Nacos in 31.086 seconds (JVM running for 32.339)

2021-09-18 09:04:34,602 INFO Nacos started successfully in stand alone mode. use embedded storage

2021-09-18 09:04:54,894 INFO Initializing Spring DispatcherServlet 'dispatcherServlet'

2021-09-18 09:04:54,900 INFO Initializing Servlet 'dispatcherServlet'

2021-09-18 09:04:54,939 INFO Completed initialization in 37 ms

2021-09-18 09:14:29,738 INFO [capacityManagement] start correct usage

2021-09-18 09:14:29,843 INFO [capacityManagement] end correct usage, cost: 0s

2021-09-18 09:14:30,235 WARN clearConfigHistory start

2021-09-18 09:31:06,089 INFO Starting Nacos v1.4.1 on jinghaideMacBook-Pro.local with PID 2076 (/Users/jinghailiang/IdeaProjects/cloud2020/nacos/target/nacos-server.jar started by jinghailiang in /Users/jinghailiang/IdeaProjects/cloud2020/nacos/bin)

2021-09-18 09:31:06,089 INFO The following profiles are active: standalone

2021-09-18 09:31:14,412 INFO Bean 'org.springframework.security.access.expression.method.DefaultMethodSecurityExpressionHandler@62e8f862' of type [org.springframework.security.access.expression.method.DefaultMethodSecurityExpressionHandler] is not eligible for getting processed by all BeanPostProcessors (for example: not eligible for auto-proxying)

2021-09-18 09:31:14,444 INFO Bean 'methodSecurityMetadataSource' of type [org.springframework.security.access.method.DelegatingMethodSecurityMetadataSource] is not eligible for getting processed by all BeanPostProcessors (for example: not eligible for auto-proxying)

2021-09-18 09:31:15,689 INFO Tomcat initialized with port(s): 8848 (http)

2021-09-18 09:31:15,843 INFO Starting service [Tomcat]

2021-09-18 09:31:15,843 INFO Starting Servlet engine: [Apache Tomcat/9.0.38]

2021-09-18 09:31:16,653 INFO At least one JAR was scanned for TLDs yet contained no TLDs. Enable debug logging for this logger for a complete list of JARs that were scanned but no TLDs were found in them. Skipping unneeded JARs during scanning can improve startup time and JSP compilation time.

2021-09-18 09:31:16,719 INFO Initializing Spring embedded WebApplicationContext

2021-09-18 09:31:16,720 INFO Root WebApplicationContext: initialization completed in 10439 ms

2021-09-18 09:31:17,988 INFO HikariPool-1 - Starting...

2021-09-18 09:31:18,009 WARN Registered driver with driverClassName=org.apache.derby.jdbc.EmbeddedDriver was not found, trying direct instantiation.

2021-09-18 09:31:19,074 INFO HikariPool-1 - Driver does not support get/set network timeout for connections. (Feature not implemented: No details.)

2021-09-18 09:31:19,085 INFO HikariPool-1 - Start completed.

2021-09-18 09:31:21,185 INFO Nacos-related cluster resource initialization

2021-09-18 09:31:21,234 INFO The cluster resource is initialized

2021-09-18 09:31:22,326 INFO Reflections took 91 ms to scan 1 urls, producing 4 keys and 6 values 

2021-09-18 09:31:22,397 INFO Reflections took 16 ms to scan 1 urls, producing 6 keys and 26 values 

2021-09-18 09:31:22,468 INFO Reflections took 4 ms to scan 1 urls, producing 3 keys and 15 values 

2021-09-18 09:31:22,485 INFO Reflections took 2 ms to scan 1 urls, producing 2 keys and 12 values 

2021-09-18 09:31:24,562 INFO Initializing ExecutorService 'applicationTaskExecutor'

2021-09-18 09:31:24,860 INFO Adding welcome page: class path resource [static/index.html]

2021-09-18 09:31:26,214 INFO Creating filter chain: Ant [pattern='/**'], []

2021-09-18 09:31:26,392 INFO Creating filter chain: any request, [org.springframework.security.web.context.request.async.WebAsyncManagerIntegrationFilter@51fc862e, org.springframework.security.web.context.SecurityContextPersistenceFilter@750a04ec, org.springframework.security.web.header.HeaderWriterFilter@6dee8ae6, org.springframework.security.web.csrf.CsrfFilter@4e3e11b9, org.springframework.security.web.authentication.logout.LogoutFilter@4f2d014a, org.springframework.security.web.savedrequest.RequestCacheAwareFilter@56846330, org.springframework.security.web.servletapi.SecurityContextHolderAwareRequestFilter@45b32dfe, org.springframework.security.web.authentication.AnonymousAuthenticationFilter@a7cf42f, org.springframework.security.web.session.SessionManagementFilter@6cbe68e9, org.springframework.security.web.access.ExceptionTranslationFilter@3cc30dee]

2021-09-18 09:31:26,750 INFO Initializing ExecutorService 'taskScheduler'

2021-09-18 09:31:26,808 INFO Exposing 2 endpoint(s) beneath base path '/actuator'

2021-09-18 09:31:27,226 INFO Tomcat started on port(s): 8848 (http) with context path '/nacos'

2021-09-18 09:31:27,235 INFO Started Nacos in 28.871 seconds (JVM running for 30.121)

2021-09-18 09:31:27,236 INFO Nacos started successfully in stand alone mode. use embedded storage

2021-09-18 09:31:27,396 INFO Initializing Spring DispatcherServlet 'dispatcherServlet'

2021-09-18 09:31:27,397 INFO Initializing Servlet 'dispatcherServlet'

2021-09-18 09:31:27,414 INFO Completed initialization in 16 ms

2021-09-18 09:41:22,946 INFO [capacityManagement] start correct usage

2021-09-18 09:41:23,044 INFO [capacityManagement] end correct usage, cost: 0s

2021-09-18 09:41:23,466 WARN clearConfigHistory start

2021-09-18 09:51:23,053 INFO [capacityManagement] start correct usage

2021-09-18 09:51:23,069 INFO [capacityManagement] end correct usage, cost: 0s

2021-09-18 09:51:23,545 WARN clearConfigHistory start

2021-09-18 13:54:51,393 INFO Starting Nacos v1.4.1 on jinghaideMacBook-Pro.local with PID 5683 (/Users/jinghailiang/IdeaProjects/cloud2020/nacos/target/nacos-server.jar started by jinghailiang in /Users/jinghailiang/IdeaProjects/cloud2020/nacos/bin)

2021-09-18 13:54:51,393 INFO The following profiles are active: standalone

2021-09-18 13:54:59,818 INFO Bean 'org.springframework.security.access.expression.method.DefaultMethodSecurityExpressionHandler@30272916' of type [org.springframework.security.access.expression.method.DefaultMethodSecurityExpressionHandler] is not eligible for getting processed by all BeanPostProcessors (for example: not eligible for auto-proxying)

2021-09-18 13:54:59,849 INFO Bean 'methodSecurityMetadataSource' of type [org.springframework.security.access.method.DelegatingMethodSecurityMetadataSource] is not eligible for getting processed by all BeanPostProcessors (for example: not eligible for auto-proxying)

2021-09-18 13:55:01,136 INFO Tomcat initialized with port(s): 8848 (http)

2021-09-18 13:55:01,290 INFO Starting service [Tomcat]

2021-09-18 13:55:01,290 INFO Starting Servlet engine: [Apache Tomcat/9.0.38]

2021-09-18 13:55:02,149 INFO At least one JAR was scanned for TLDs yet contained no TLDs. Enable debug logging for this logger for a complete list of JARs that were scanned but no TLDs were found in them. Skipping unneeded JARs during scanning can improve startup time and JSP compilation time.

2021-09-18 13:55:02,225 INFO Initializing Spring embedded WebApplicationContext

2021-09-18 13:55:02,226 INFO Root WebApplicationContext: initialization completed in 10630 ms

2021-09-18 13:55:03,606 INFO HikariPool-1 - Starting...

2021-09-18 13:55:03,632 WARN Registered driver with driverClassName=org.apache.derby.jdbc.EmbeddedDriver was not found, trying direct instantiation.

2021-09-18 13:55:04,379 INFO HikariPool-1 - Driver does not support get/set network timeout for connections. (Feature not implemented: No details.)

2021-09-18 13:55:04,387 INFO HikariPool-1 - Start completed.

2021-09-18 13:55:06,455 INFO Nacos-related cluster resource initialization

2021-09-18 13:55:06,492 INFO The cluster resource is initialized

2021-09-18 13:55:07,514 INFO Reflections took 86 ms to scan 1 urls, producing 4 keys and 6 values 

2021-09-18 13:55:07,576 INFO Reflections took 14 ms to scan 1 urls, producing 6 keys and 26 values 

2021-09-18 13:55:07,615 INFO Reflections took 9 ms to scan 1 urls, producing 3 keys and 15 values 

2021-09-18 13:55:07,633 INFO Reflections took 2 ms to scan 1 urls, producing 2 keys and 12 values 

2021-09-18 13:55:09,610 INFO Initializing ExecutorService 'applicationTaskExecutor'

2021-09-18 13:55:10,031 INFO Adding welcome page: class path resource [static/index.html]

2021-09-18 13:55:11,291 INFO Creating filter chain: Ant [pattern='/**'], []

2021-09-18 13:55:11,425 INFO Creating filter chain: any request, [org.springframework.security.web.context.request.async.WebAsyncManagerIntegrationFilter@14c141c0, org.springframework.security.web.context.SecurityContextPersistenceFilter@e829999, org.springframework.security.web.header.HeaderWriterFilter@1200458e, org.springframework.security.web.csrf.CsrfFilter@2c829dbc, org.springframework.security.web.authentication.logout.LogoutFilter@484149eb, org.springframework.security.web.savedrequest.RequestCacheAwareFilter@6cbe68e9, org.springframework.security.web.servletapi.SecurityContextHolderAwareRequestFilter@56846330, org.springframework.security.web.authentication.AnonymousAuthenticationFilter@61874b9d, org.springframework.security.web.session.SessionManagementFilter@7e7e962d, org.springframework.security.web.access.ExceptionTranslationFilter@47148f3f]

2021-09-18 13:55:11,765 INFO Initializing ExecutorService 'taskScheduler'

2021-09-18 13:55:11,803 INFO Exposing 2 endpoint(s) beneath base path '/actuator'

2021-09-18 13:55:12,122 INFO Tomcat started on port(s): 8848 (http) with context path '/nacos'

2021-09-18 13:55:12,130 INFO Started Nacos in 28.523 seconds (JVM running for 29.803)

2021-09-18 13:55:12,131 INFO Nacos started successfully in stand alone mode. use embedded storage

2021-09-18 13:55:12,327 INFO Initializing Spring DispatcherServlet 'dispatcherServlet'

2021-09-18 13:55:12,328 INFO Initializing Servlet 'dispatcherServlet'

2021-09-18 13:55:12,353 INFO Completed initialization in 23 ms

2021-09-18 14:05:08,071 INFO [capacityManagement] start correct usage

2021-09-18 14:05:08,178 INFO [capacityManagement] end correct usage, cost: 0s

2021-09-18 14:05:08,579 WARN clearConfigHistory start

2021-09-18 14:15:08,166 INFO [capacityManagement] start correct usage

2021-09-18 14:15:08,181 INFO [capacityManagement] end correct usage, cost: 0s

2021-09-18 14:15:08,612 WARN clearConfigHistory start

2021-09-18 14:25:08,168 INFO [capacityManagement] start correct usage

2021-09-18 14:25:08,184 INFO [capacityManagement] end correct usage, cost: 0s

2021-09-18 14:25:08,620 WARN clearConfigHistory start

2021-09-18 14:35:08,305 INFO [capacityManagement] start correct usage

2021-09-18 14:35:08,310 INFO [capacityManagement] end correct usage, cost: 0s

2021-09-18 14:35:08,768 WARN clearConfigHistory start

2021-09-18 14:45:08,304 INFO [capacityManagement] start correct usage

2021-09-18 14:45:08,321 INFO [capacityManagement] end correct usage, cost: 0s

2021-09-18 14:45:08,769 WARN clearConfigHistory start

2021-09-18 14:55:08,322 INFO [capacityManagement] start correct usage

2021-09-18 14:55:08,326 INFO [capacityManagement] end correct usage, cost: 0s

2021-09-18 14:55:08,778 WARN clearConfigHistory start

2021-09-18 15:05:08,323 INFO [capacityManagement] start correct usage

2021-09-18 15:05:08,326 INFO [capacityManagement] end correct usage, cost: 0s

2021-09-18 15:05:08,782 WARN clearConfigHistory start

2021-09-18 15:15:08,322 INFO [capacityManagement] start correct usage

2021-09-18 15:15:08,335 INFO [capacityManagement] end correct usage, cost: 0s

2021-09-18 15:15:08,783 WARN clearConfigHistory start

2021-09-18 15:25:08,412 INFO [capacityManagement] start correct usage

2021-09-18 15:25:08,422 INFO [capacityManagement] end correct usage, cost: 0s

2021-09-18 15:25:08,868 WARN clearConfigHistory start

2021-09-18 15:35:08,357 INFO [capacityManagement] start correct usage

2021-09-18 15:35:08,366 INFO [capacityManagement] end correct usage, cost: 0s

2021-09-18 15:35:08,813 WARN clearConfigHistory start

2021-09-18 15:45:08,362 INFO [capacityManagement] start correct usage

2021-09-18 15:45:08,373 INFO [capacityManagement] end correct usage, cost: 0s

2021-09-18 15:45:08,818 WARN clearConfigHistory start

2021-09-18 15:48:39,192 INFO Starting Nacos v1.4.1 on jinghaideMacBook-Pro.local with PID 7375 (/Users/jinghailiang/IdeaProjects/cloud2020/nacos/target/nacos-server.jar started by jinghailiang in /Users/jinghailiang/IdeaProjects/cloud2020/nacos/bin)

2021-09-18 15:48:39,193 INFO The following profiles are active: standalone

2021-09-18 15:48:51,276 INFO Bean 'org.springframework.security.access.expression.method.DefaultMethodSecurityExpressionHandler@30272916' of type [org.springframework.security.access.expression.method.DefaultMethodSecurityExpressionHandler] is not eligible for getting processed by all BeanPostProcessors (for example: not eligible for auto-proxying)

2021-09-18 15:48:51,310 INFO Bean 'methodSecurityMetadataSource' of type [org.springframework.security.access.method.DelegatingMethodSecurityMetadataSource] is not eligible for getting processed by all BeanPostProcessors (for example: not eligible for auto-proxying)

2021-09-18 15:48:53,023 INFO Tomcat initialized with port(s): 8848 (http)

2021-09-18 15:48:53,215 INFO Starting service [Tomcat]

2021-09-18 15:48:53,215 INFO Starting Servlet engine: [Apache Tomcat/9.0.38]

2021-09-18 15:48:54,138 INFO At least one JAR was scanned for TLDs yet contained no TLDs. Enable debug logging for this logger for a complete list of JARs that were scanned but no TLDs were found in them. Skipping unneeded JARs during scanning can improve startup time and JSP compilation time.

2021-09-18 15:48:54,209 INFO Initializing Spring embedded WebApplicationContext

2021-09-18 15:48:54,209 INFO Root WebApplicationContext: initialization completed in 14668 ms

2021-09-18 15:48:55,261 INFO HikariPool-1 - Starting...

2021-09-18 15:48:56,933 INFO HikariPool-1 - Start completed.

2021-09-18 15:48:58,126 INFO Nacos-related cluster resource initialization

2021-09-18 15:48:58,156 INFO The cluster resource is initialized

2021-09-18 15:48:59,098 INFO Reflections took 89 ms to scan 1 urls, producing 4 keys and 6 values 

2021-09-18 15:48:59,163 INFO Reflections took 17 ms to scan 1 urls, producing 6 keys and 26 values 

2021-09-18 15:48:59,204 INFO Reflections took 5 ms to scan 1 urls, producing 3 keys and 15 values 

2021-09-18 15:48:59,218 INFO Reflections took 2 ms to scan 1 urls, producing 2 keys and 12 values 

2021-09-18 15:49:02,208 INFO Initializing ExecutorService 'applicationTaskExecutor'

2021-09-18 15:49:02,537 INFO Adding welcome page: class path resource [static/index.html]

2021-09-18 15:49:03,733 INFO Creating filter chain: Ant [pattern='/**'], []

2021-09-18 15:49:03,870 INFO Creating filter chain: any request, [org.springframework.security.web.context.request.async.WebAsyncManagerIntegrationFilter@21bd128b, org.springframework.security.web.context.SecurityContextPersistenceFilter@416d56f2, org.springframework.security.web.header.HeaderWriterFilter@46e3559f, org.springframework.security.web.csrf.CsrfFilter@18d003cd, org.springframework.security.web.authentication.logout.LogoutFilter@20580d4e, org.springframework.security.web.savedrequest.RequestCacheAwareFilter@1b01a0d, org.springframework.security.web.servletapi.SecurityContextHolderAwareRequestFilter@64da6cbd, org.springframework.security.web.authentication.AnonymousAuthenticationFilter@2d0b05, org.springframework.security.web.session.SessionManagementFilter@2eda072, org.springframework.security.web.access.ExceptionTranslationFilter@388623ad]

2021-09-18 15:49:04,194 INFO Initializing ExecutorService 'taskScheduler'

2021-09-18 15:49:04,239 INFO Exposing 2 endpoint(s) beneath base path '/actuator'

2021-09-18 15:49:04,707 INFO Tomcat started on port(s): 8848 (http) with context path '/nacos'

2021-09-18 15:49:04,721 INFO Started Nacos in 34.379 seconds (JVM running for 35.653)

2021-09-18 15:49:04,727 INFO Nacos started successfully in stand alone mode. use external storage

2021-09-18 15:49:05,796 INFO Initializing Spring DispatcherServlet 'dispatcherServlet'

2021-09-18 15:49:05,796 INFO Initializing Servlet 'dispatcherServlet'

2021-09-18 15:49:05,849 INFO Completed initialization in 52 ms

2021-09-18 15:58:59,799 INFO [capacityManagement] start correct usage

2021-09-18 15:59:00,399 INFO [capacityManagement] end correct usage, cost: 0s

2021-09-18 15:59:00,775 WARN clearConfigHistory start

2021-09-18 16:09:00,410 INFO [capacityManagement] start correct usage

2021-09-18 16:09:00,820 INFO [capacityManagement] end correct usage, cost: 0s

2021-09-18 16:09:01,030 WARN clearConfigHistory start

2021-09-18 16:19:00,824 INFO [capacityManagement] start correct usage

2021-09-18 16:19:01,250 INFO [capacityManagement] end correct usage, cost: 0s

2021-09-18 16:19:01,390 WARN clearConfigHistory start

2021-09-18 16:29:01,259 INFO [capacityManagement] start correct usage

2021-09-18 16:29:01,489 WARN clearConfigHistory start

2021-09-18 16:29:01,667 INFO [capacityManagement] end correct usage, cost: 0s

2021-09-18 16:39:01,663 INFO [capacityManagement] start correct usage

2021-09-18 16:39:01,920 WARN clearConfigHistory start

2021-09-18 16:39:02,207 INFO [capacityManagement] end correct usage, cost: 0s

