2021-09-18 08:55:47,432 INFO raft peers changed: [Member{ip='192.168.3.30', port=8848, state=UP, extendInfo={raftPort=7848}}]

2021-09-18 08:55:47,564 INFO initializing Raft sub-system

2021-09-18 08:55:47,564 INFO finish loading all datums, size: 0 cost 0 ms.

2021-09-18 08:55:47,568 INFO cache loaded, datum count: 0, current term: 0

2021-09-18 08:55:47,568 INFO finish to load data from disk, cost: 4 ms.

2021-09-18 08:55:47,576 INFO timer started: leader timeout ms: 15000, heart-beat timeout ms: 5000

2021-09-18 08:55:49,260 INFO add listener: com.alibaba.nacos.naming.domains.meta.00-00---000-NACOS_SWITCH_DOMAIN-000---00-00

2021-09-18 08:55:49,304 INFO add listener: com.alibaba.nacos.naming.domains.meta.

2021-09-18 08:55:52,380 WARN start to close old raft protocol!!!

2021-09-18 08:55:52,380 WARN stop old raft protocol task for notifier

2021-09-18 08:55:52,380 WARN stop old raft protocol task for master task

2021-09-18 08:55:52,380 WARN stop old raft protocol task for heartbeat task

2021-09-18 08:55:52,380 WARN clean old cache datum for old raft

2021-09-18 08:55:52,380 WARN start to close old raft protocol!!!

2021-09-18 08:55:52,380 WARN stop old raft protocol task for notifier

2021-09-18 08:55:52,380 WARN stop old raft protocol task for master task

2021-09-18 08:55:52,380 WARN stop old raft protocol task for heartbeat task

2021-09-18 08:55:52,380 WARN clean old cache datum for old raft

2021-09-18 08:55:52,381 WARN start to move old raft protocol metadata

2021-09-18 08:55:52,388 WARN start to move old raft protocol metadata

2021-09-18 08:55:52,390 INFO raft peers changed: [Member{ip='192.168.3.30', port=8848, state=UP, extendInfo={lastRefreshTime=1631926552389, raftPort=7848, version=1.4.1}}]

2021-09-18 08:58:58,170 INFO raft peers changed: [Member{ip='192.168.3.30', port=8848, state=UP, extendInfo={raftPort=7848}}]

2021-09-18 08:58:58,232 INFO initializing Raft sub-system

2021-09-18 08:58:58,233 INFO finish loading all datums, size: 0 cost 1 ms.

2021-09-18 08:58:58,237 INFO cache loaded, datum count: 0, current term: 0

2021-09-18 08:58:58,237 INFO finish to load data from disk, cost: 5 ms.

2021-09-18 08:58:58,244 INFO timer started: leader timeout ms: 15000, heart-beat timeout ms: 5000

2021-09-18 08:58:59,456 INFO add listener: com.alibaba.nacos.naming.domains.meta.00-00---000-NACOS_SWITCH_DOMAIN-000---00-00

2021-09-18 08:58:59,500 INFO add listener: com.alibaba.nacos.naming.domains.meta.

2021-09-18 08:59:03,134 WARN start to close old raft protocol!!!

2021-09-18 08:59:03,134 WARN stop old raft protocol task for notifier

2021-09-18 08:59:03,134 WARN stop old raft protocol task for master task

2021-09-18 08:59:03,134 WARN stop old raft protocol task for heartbeat task

2021-09-18 08:59:03,134 WARN clean old cache datum for old raft

2021-09-18 08:59:03,134 WARN start to close old raft protocol!!!

2021-09-18 08:59:03,134 WARN stop old raft protocol task for notifier

2021-09-18 08:59:03,134 WARN stop old raft protocol task for master task

2021-09-18 08:59:03,134 WARN stop old raft protocol task for heartbeat task

2021-09-18 08:59:03,134 WARN clean old cache datum for old raft

2021-09-18 08:59:03,134 WARN start to move old raft protocol metadata

2021-09-18 08:59:03,143 WARN start to move old raft protocol metadata

2021-09-18 08:59:03,143 INFO raft peers changed: [Member{ip='192.168.3.30', port=8848, state=UP, extendInfo={lastRefreshTime=1631926743138, raftPort=7848, version=1.4.1}}]

2021-09-18 09:00:44,733 INFO add listener: com.alibaba.nacos.naming.iplist.public##DEFAULT_GROUP@@nacos-config-client

2021-09-18 09:00:44,733 INFO add listener: com.alibaba.nacos.naming.iplist.public##DEFAULT_GROUP@@nacos-config-client

2021-09-18 09:03:19,853 INFO [RAFT-NOTIFIER] datum is deleted, key: com.alibaba.nacos.naming.domains.meta.public##DEFAULT_GROUP@@nacos-config-client

2021-09-18 09:04:27,917 INFO raft peers changed: [Member{ip='192.168.3.30', port=8848, state=UP, extendInfo={raftPort=7848}}]

2021-09-18 09:04:28,002 INFO initializing Raft sub-system

2021-09-18 09:04:28,002 INFO finish loading all datums, size: 0 cost 0 ms.

2021-09-18 09:04:28,006 INFO cache loaded, datum count: 0, current term: 0

2021-09-18 09:04:28,006 INFO finish to load data from disk, cost: 4 ms.

2021-09-18 09:04:28,018 INFO timer started: leader timeout ms: 15000, heart-beat timeout ms: 5000

2021-09-18 09:04:29,646 INFO add listener: com.alibaba.nacos.naming.domains.meta.00-00---000-NACOS_SWITCH_DOMAIN-000---00-00

2021-09-18 09:04:29,684 INFO add listener: com.alibaba.nacos.naming.domains.meta.

2021-09-18 09:04:32,883 WARN start to close old raft protocol!!!

2021-09-18 09:04:32,883 WARN stop old raft protocol task for notifier

2021-09-18 09:04:32,883 WARN stop old raft protocol task for master task

2021-09-18 09:04:32,884 WARN stop old raft protocol task for heartbeat task

2021-09-18 09:04:32,884 WARN clean old cache datum for old raft

2021-09-18 09:04:32,884 WARN start to close old raft protocol!!!

2021-09-18 09:04:32,884 WARN stop old raft protocol task for notifier

2021-09-18 09:04:32,884 WARN stop old raft protocol task for master task

2021-09-18 09:04:32,884 WARN stop old raft protocol task for heartbeat task

2021-09-18 09:04:32,884 WARN clean old cache datum for old raft

2021-09-18 09:04:32,884 WARN start to move old raft protocol metadata

2021-09-18 09:04:32,892 WARN start to move old raft protocol metadata

2021-09-18 09:04:32,894 INFO raft peers changed: [Member{ip='192.168.3.30', port=8848, state=UP, extendInfo={lastRefreshTime=1631927072892, raftPort=7848, version=1.4.1}}]

2021-09-18 09:31:21,485 INFO raft peers changed: [Member{ip='192.168.3.30', port=8848, state=UP, extendInfo={raftPort=7848}}]

2021-09-18 09:31:21,555 INFO initializing Raft sub-system

2021-09-18 09:31:21,556 INFO finish loading all datums, size: 0 cost 1 ms.

2021-09-18 09:31:21,559 INFO cache loaded, datum count: 0, current term: 0

2021-09-18 09:31:21,559 INFO finish to load data from disk, cost: 4 ms.

2021-09-18 09:31:21,566 INFO timer started: leader timeout ms: 15000, heart-beat timeout ms: 5000

2021-09-18 09:31:22,844 INFO add listener: com.alibaba.nacos.naming.domains.meta.00-00---000-NACOS_SWITCH_DOMAIN-000---00-00

2021-09-18 09:31:22,882 INFO add listener: com.alibaba.nacos.naming.domains.meta.

2021-09-18 09:31:26,457 WARN start to close old raft protocol!!!

2021-09-18 09:31:26,457 WARN stop old raft protocol task for notifier

2021-09-18 09:31:26,457 WARN stop old raft protocol task for master task

2021-09-18 09:31:26,458 WARN stop old raft protocol task for heartbeat task

2021-09-18 09:31:26,458 WARN clean old cache datum for old raft

2021-09-18 09:31:26,458 WARN start to close old raft protocol!!!

2021-09-18 09:31:26,458 WARN stop old raft protocol task for notifier

2021-09-18 09:31:26,458 WARN stop old raft protocol task for master task

2021-09-18 09:31:26,458 WARN stop old raft protocol task for heartbeat task

2021-09-18 09:31:26,458 WARN clean old cache datum for old raft

2021-09-18 09:31:26,458 WARN start to move old raft protocol metadata

2021-09-18 09:31:26,467 WARN start to move old raft protocol metadata

2021-09-18 09:31:26,469 INFO raft peers changed: [Member{ip='192.168.3.30', port=8848, state=UP, extendInfo={lastRefreshTime=1631928686467, raftPort=7848, version=1.4.1}}]

2021-09-18 09:31:29,488 INFO add listener: com.alibaba.nacos.naming.iplist.public##DEFAULT_GROUP@@nacos-config2

2021-09-18 09:49:42,934 INFO [RAFT-NOTIFIER] datum is deleted, key: com.alibaba.nacos.naming.domains.meta.public##DEFAULT_GROUP@@nacos-config2

2021-09-18 13:55:06,693 INFO raft peers changed: [Member{ip='192.168.3.30', port=8848, state=UP, extendInfo={raftPort=7848}}]

2021-09-18 13:55:06,758 INFO initializing Raft sub-system

2021-09-18 13:55:06,759 INFO finish loading all datums, size: 0 cost 0 ms.

2021-09-18 13:55:06,762 INFO cache loaded, datum count: 0, current term: 0

2021-09-18 13:55:06,762 INFO finish to load data from disk, cost: 3 ms.

2021-09-18 13:55:06,770 INFO timer started: leader timeout ms: 15000, heart-beat timeout ms: 5000

2021-09-18 13:55:07,990 INFO add listener: com.alibaba.nacos.naming.domains.meta.00-00---000-NACOS_SWITCH_DOMAIN-000---00-00

2021-09-18 13:55:08,029 INFO add listener: com.alibaba.nacos.naming.domains.meta.

2021-09-18 13:55:11,667 WARN start to close old raft protocol!!!

2021-09-18 13:55:11,667 WARN stop old raft protocol task for notifier

2021-09-18 13:55:11,667 WARN stop old raft protocol task for master task

2021-09-18 13:55:11,668 WARN stop old raft protocol task for heartbeat task

2021-09-18 13:55:11,668 WARN clean old cache datum for old raft

2021-09-18 13:55:11,668 WARN start to close old raft protocol!!!

2021-09-18 13:55:11,668 WARN stop old raft protocol task for notifier

2021-09-18 13:55:11,668 WARN stop old raft protocol task for master task

2021-09-18 13:55:11,668 WARN stop old raft protocol task for heartbeat task

2021-09-18 13:55:11,668 WARN clean old cache datum for old raft

2021-09-18 13:55:11,668 WARN start to move old raft protocol metadata

2021-09-18 13:55:11,675 WARN start to move old raft protocol metadata

2021-09-18 13:55:11,678 INFO raft peers changed: [Member{ip='192.168.3.30', port=8848, state=UP, extendInfo={lastRefreshTime=1631944511675, raftPort=7848, version=1.4.1}}]

2021-09-18 13:55:12,812 INFO add listener: com.alibaba.nacos.naming.iplist.public##DEFAULT_GROUP@@nacos-config-client

2021-09-18 15:48:58,297 INFO raft peers changed: [Member{ip='192.168.3.30', port=8848, state=UP, extendInfo={raftPort=7848}}]

2021-09-18 15:48:58,354 INFO initializing Raft sub-system

2021-09-18 15:48:58,355 INFO finish loading all datums, size: 0 cost 1 ms.

2021-09-18 15:48:58,358 INFO cache loaded, datum count: 0, current term: 0

2021-09-18 15:48:58,358 INFO finish to load data from disk, cost: 4 ms.

2021-09-18 15:48:58,365 INFO timer started: leader timeout ms: 15000, heart-beat timeout ms: 5000

2021-09-18 15:48:59,684 INFO add listener: com.alibaba.nacos.naming.domains.meta.00-00---000-NACOS_SWITCH_DOMAIN-000---00-00

2021-09-18 15:48:59,731 INFO add listener: com.alibaba.nacos.naming.domains.meta.

2021-09-18 15:49:03,274 WARN start to close old raft protocol!!!

2021-09-18 15:49:03,274 WARN stop old raft protocol task for notifier

2021-09-18 15:49:03,274 WARN stop old raft protocol task for master task

2021-09-18 15:49:03,274 WARN stop old raft protocol task for heartbeat task

2021-09-18 15:49:03,274 WARN clean old cache datum for old raft

2021-09-18 15:49:03,275 WARN start to close old raft protocol!!!

2021-09-18 15:49:03,275 WARN stop old raft protocol task for notifier

2021-09-18 15:49:03,275 WARN stop old raft protocol task for master task

2021-09-18 15:49:03,275 WARN stop old raft protocol task for heartbeat task

2021-09-18 15:49:03,275 WARN clean old cache datum for old raft

2021-09-18 15:49:03,275 WARN start to move old raft protocol metadata

2021-09-18 15:49:03,288 WARN start to move old raft protocol metadata

2021-09-18 15:49:03,291 INFO raft peers changed: [Member{ip='192.168.3.30', port=8848, state=UP, extendInfo={lastRefreshTime=1631951343288, raftPort=7848, version=1.4.1}}]

2021-09-18 15:49:06,240 INFO add listener: com.alibaba.nacos.naming.iplist.public##DEFAULT_GROUP@@nacos-config-client

2021-09-18 15:54:49,813 INFO [RAFT-NOTIFIER] datum is deleted, key: com.alibaba.nacos.naming.domains.meta.public##DEFAULT_GROUP@@nacos-config-client

2021-09-18 16:04:59,865 INFO add listener: com.alibaba.nacos.naming.iplist.public##DEFAULT_GROUP@@nacos-config-client

2021-09-18 16:04:59,865 INFO add listener: com.alibaba.nacos.naming.iplist.public##DEFAULT_GROUP@@nacos-config-client

2021-09-18 16:45:49,812 INFO [RAFT-NOTIFIER] datum is deleted, key: com.alibaba.nacos.naming.domains.meta.public##DEFAULT_GROUP@@nacos-config-client

