2021-09-18 08:56:20,228 INFO PERFORMANCE:|0|0|-1|-1

2021-09-18 08:59:30,132 INFO PERFORMANCE:|0|0|-1|-1

2021-09-18 09:05:00,296 INFO PERFORMANCE:|0|0|-1|-1

2021-09-18 09:10:00,300 INFO PERFORMANCE:|0|0|-1|-1

2021-09-18 09:15:00,307 INFO PERFORMANCE:|0|0|-1|-1

2021-09-18 09:31:53,515 INFO PERFORMANCE:|1|1|-1|-1

2021-09-18 09:36:53,517 INFO PERFORMANCE:|1|1|-1|-1

2021-09-18 09:41:53,519 INFO PERFORMANCE:|1|1|-1|-1

2021-09-18 09:46:53,529 INFO PERFORMANCE:|1|1|-1|-1

2021-09-18 09:51:53,541 INFO PERFORMANCE:|0|0|-1|-1

2021-09-18 13:55:38,642 INFO PERFORMANCE:|1|1|-1|-1

2021-09-18 14:00:38,642 INFO PERFORMANCE:|1|1|-1|-1

2021-09-18 14:05:38,639 INFO PERFORMANCE:|1|1|-1|-1

2021-09-18 14:10:38,638 INFO PERFORMANCE:|1|0|-1|-1

2021-09-18 14:15:38,636 INFO PERFORMANCE:|1|1|-1|-1

2021-09-18 14:20:38,631 INFO PERFORMANCE:|1|1|-1|-1

2021-09-18 14:25:38,626 INFO PERFORMANCE:|1|1|-1|-1

2021-09-18 14:30:38,622 INFO PERFORMANCE:|1|1|-1|-1

2021-09-18 14:35:38,754 INFO PERFORMANCE:|1|0|-1|-1

2021-09-18 14:40:38,755 INFO PERFORMANCE:|1|1|-1|-1

2021-09-18 14:45:38,758 INFO PERFORMANCE:|1|1|-1|-1

2021-09-18 14:50:38,766 INFO PERFORMANCE:|1|1|-1|-1

2021-09-18 14:55:38,768 INFO PERFORMANCE:|1|1|-1|-1

2021-09-18 15:00:38,768 INFO PERFORMANCE:|1|1|-1|-1

2021-09-18 15:05:38,772 INFO PERFORMANCE:|1|1|-1|-1

2021-09-18 15:10:38,775 INFO PERFORMANCE:|1|1|-1|-1

2021-09-18 15:15:38,777 INFO PERFORMANCE:|1|1|-1|-1

2021-09-18 15:20:38,858 INFO PERFORMANCE:|1|1|-1|-1

2021-09-18 15:25:38,864 INFO PERFORMANCE:|1|1|-1|-1

2021-09-18 15:30:38,870 INFO PERFORMANCE:|1|1|-1|-1

2021-09-18 15:35:38,804 INFO PERFORMANCE:|1|1|-1|-1

2021-09-18 15:40:38,808 INFO PERFORMANCE:|1|1|-1|-1

2021-09-18 15:45:38,812 INFO PERFORMANCE:|1|1|-1|-1

2021-09-18 15:49:30,859 INFO PERFORMANCE:|1|1|-1|-1

2021-09-18 15:54:30,870 INFO PERFORMANCE:|1|0|-1|-1

2021-09-18 15:59:30,878 INFO PERFORMANCE:|0|0|-1|-1

2021-09-18 16:04:30,886 INFO PERFORMANCE:|0|0|-1|-1

2021-09-18 16:09:30,895 INFO PERFORMANCE:|1|1|-1|-1

2021-09-18 16:14:30,903 INFO PERFORMANCE:|1|1|-1|-1

2021-09-18 16:19:30,908 INFO PERFORMANCE:|1|1|-1|-1

2021-09-18 16:24:30,915 INFO PERFORMANCE:|1|1|-1|-1

2021-09-18 16:29:30,921 INFO PERFORMANCE:|1|1|-1|-1

2021-09-18 16:34:30,923 INFO PERFORMANCE:|1|1|-1|-1

2021-09-18 16:39:30,933 INFO PERFORMANCE:|1|1|-1|-1

2021-09-18 16:44:30,937 INFO PERFORMANCE:|1|0|-1|-1

